2022-01-13:15:08:20,235 INFO     This record can be process
2022-01-13:15:08:32,436 ERROR    This record contains 11 bad characters
2022-01-13:15:08:35,576 ERROR    This record contains 6 bad characters
2022-01-13:15:08:38,762 INFO     This record can be process
2022-01-13:15:09:41,5 INFO     This record can be process
2022-01-18:16:06:41,801 INFO     This record can be process
2022-01-18:16:07:02,518 ERROR    This record contains 6 bad characters
2022-01-18:16:07:59,120 ERROR    This record contains 6 bad characters
2022-01-18:16:08:11,368 INFO     This record can be process
2022-01-18:16:47:44,892 ERROR    This record contains 11 bad characters
2022-01-19:10:20:00,629 ERROR    This record contains 6 bad characters
2022-01-19:10:29:06,635 INFO     This record can be process
2022-01-19:10:29:15,198 ERROR    This record contains 11 bad characters
2022-01-19:10:29:23,223 ERROR    This record contains 6 bad characters
2022-01-19:10:30:20,681 INFO     This record can be process
2022-01-19:10:49:23,599 INFO     This record can be process
2022-01-19:10:50:10,669 INFO     This record can be process
2022-01-19:10:50:58,430 INFO     This record can be process
2022-01-19:10:52:24,849 ERROR    This record contains 2 bad characters
2022-01-19:10:56:52,945 ERROR    This record contains 2 bad characters
2022-01-19:11:09:15,513 ERROR    This record contains 2 bad characters
2022-01-19:11:36:40,26 ERROR    This record contains 2 bad characters
2022-01-19:11:45:30,795 ERROR    This record contains 2 bad characters
2022-01-19:11:57:04,206 ERROR    This record contains 2 bad characters
2022-01-19:11:57:26,375 ERROR    This record contains 2 bad characters
2022-01-19:11:57:45,649 ERROR    This record contains 2 bad characters
2022-01-19:11:58:04,516 ERROR    This record contains 2 bad characters
2022-01-19:11:58:09,778 ERROR    This record contains 1 bad characters
2022-01-19:11:59:06,358 ERROR    This record contains 1 bad characters
2022-01-19:11:59:41,29 ERROR    This record contains 1 bad characters
2022-01-19:12:08:26,906 ERROR    This record contains 1 bad characters
2022-01-19:12:09:03,985 ERROR    This record contains 1 bad characters
2022-01-19:12:09:21,83 ERROR    This record contains 11 bad characters
2022-01-19:12:14:47,208 INFO     This record can be process
2022-01-19:12:15:16,704 INFO     This record can be process
2022-01-19:12:18:05,280 ERROR    This record contains 11 bad characters
2022-01-19:12:27:36,430 ERROR    This record contains 11 bad characters
2022-01-19:12:32:14,858 ERROR    This record contains 11 bad characters
2022-01-19:12:32:45,236 ERROR    This record contains 11 bad characters
2022-01-19:12:36:24,581 ERROR    This record contains 11 bad characters
2022-01-19:12:43:01,274 ERROR    This record contains 1 bad characters
2022-01-19:12:45:37,401 ERROR    This record contains 11 bad characters
2022-01-19:12:54:57,880 ERROR    This record contains bad characters
2022-01-19:12:55:08,455 INFO     This record can be process
2022-01-19:13:15:27,493 INFO     This record can be process
2022-01-19:13:16:21,141 ERROR    This record contains bad characters
2022-01-19:13:16:25,474 ERROR    This record contains bad characters
2022-01-20:12:26:20,691 INFO     This record can be process
2022-01-20:12:26:49,345 ERROR    This record contains bad characters
2022-02-09:15:37:44,336 ERROR    This record contains bad characters
2022-02-09:15:39:55,865 ERROR    This record contains bad characters
2022-02-09:15:40:05,620 ERROR    This record contains bad characters
2022-02-09:15:40:46,413 ERROR    This record contains bad characters
2022-02-09:15:58:57,571 ERROR    This record contains bad characters
2022-02-09:16:16:52,956 ERROR    This record contains bad characters
2022-02-09:16:21:53,975 ERROR    This record contains bad characters
2022-02-09:16:22:06,597 ERROR    This record contains bad characters
2022-02-09:16:22:40,812 ERROR    This record contains bad characters
2022-02-09:16:28:30,546 ERROR    This record contains bad characters
2022-02-09:16:38:24,164 ERROR    This record contains bad characters
2022-02-10:10:37:48,826 ERROR    This record contains bad characters
2022-02-10:10:38:38,498 ERROR    This record contains bad characters
2022-02-10:10:46:56,251 ERROR    This record contains bad characters
2022-02-10:10:52:57,398 ERROR    This record contains bad characters
2022-02-10:10:53:15,833 ERROR    This record contains bad characters
2022-02-10:10:53:31,287 ERROR    This record contains bad characters
2022-02-10:11:01:04,551 ERROR    This record contains bad characters
2022-02-10:11:06:06,953 ERROR    This record contains bad characters
2022-02-10:11:11:42,935 ERROR    This record contains bad characters
2022-02-10:11:18:18,147 ERROR    This record contains bad characters
2022-02-10:11:54:20,738 ERROR    This record contains bad characters
2022-02-10:12:03:51,560 INFO     This record can be process
2022-02-10:12:04:36,807 INFO     This record can be process
2022-02-15:16:40:06,149 INFO     This record can be process
2022-02-15:16:43:37,374 INFO     This record can be process
2022-02-16:11:15:31,667 INFO     This record can be process
2022-02-16:11:15:32,832 INFO     File moved from <Blob: gce-file-test-utf, ascii_test.txt, None> to <Blob: record-ready-for-processing, ascii_test.txt, 1645002931476112>
2022-02-16:11:19:28,468 INFO     The fileascii_test.txt from the bucket gce-file-test-utf was readed
2022-02-16:11:19:28,468 INFO     This record can be process
2022-02-16:11:19:29,628 INFO     File moved from <Blob: gce-file-test-utf, ascii_test.txt, None> to <Blob: record-ready-for-processing, ascii_test.txt, 1645003168277633>
2022-02-16:11:20:36,7 INFO     The file format for ascii_test.txt from the bucket gce-file-test-utf is readable
2022-02-16:11:20:36,7 INFO     This record can be process
2022-02-16:11:20:37,137 INFO     File moved from <Blob: gce-file-test-utf, ascii_test.txt, None> to <Blob: record-ready-for-processing, ascii_test.txt, 1645003235786567>
2022-02-16:15:41:26,895 INFO     The file format for ascii_test.txt from the bucket gce-file-test-utf is readable
2022-02-16:15:41:26,895 INFO     This record can be process
2022-02-16:16:30:41,653 INFO     File moved from <Blob: gce-file-test-utf, , None> to 
2022-02-16:16:31:46,325 INFO     File moved from <Blob: gce-file-test-utf, , None> to 
2022-02-16:16:50:14,862 INFO     File moved from <Blob: gce-file-test-utf, , None> to 
2022-02-16:16:50:39,575 INFO     File moved from <Blob: gce-file-test-utf, , None> to 
2022-02-17:14:48:06,80 INFO     File moved from <Blob: gce-master-data, , None> to 
2022-02-18:13:16:50,551 INFO     The file format for <Blob: gce-master-data, clientData_utf8/SIEMS/SAL_Location_fuer_SIS_ATOS_utf8.txt, 1643720788671552> from the bucket gce-master-data is readable
2022-02-18:13:16:51,11 ERROR    This record contains bad characters
2022-02-18:13:16:51,647 INFO     File moved from <Blob: gce-file-test-utf, ascii_test.txt, None> to ascii_test.txt
2022-02-18:13:16:53,937 INFO     The file format for <Blob: gce-master-data, clientData_utf8/SIEMS/SCD_personen_utf8.txt, 1643718576855495> from the bucket gce-master-data is readable
2022-02-18:13:17:12,455 ERROR    This record contains bad characters
2022-02-18:13:17:13,112 INFO     File moved from <Blob: gce-file-test-utf, ascii_test.txt, None> to ascii_test.txt
2022-02-18:13:17:13,645 INFO     The file format for <Blob: gce-master-data, clientData_utf8/SIEMS/SIEMS_OU1_assignment_rules_utf8.csv, 1643718597178075> from the bucket gce-master-data is readable
2022-02-18:13:17:13,667 ERROR    This record contains bad characters
2022-02-18:13:17:14,287 INFO     File moved from <Blob: gce-file-test-utf, ascii_test.txt, None> to ascii_test.txt
2022-02-18:13:19:00,498 INFO     The file format for <Blob: gce-master-data, clientData_utf8/SIEMS/SAL_Location_fuer_SIS_ATOS_utf8.txt, 1643720788671552> from the bucket gce-master-data is readable
2022-02-18:13:19:00,956 ERROR    This record contains bad characters
2022-02-18:13:19:01,584 INFO     File moved from <Blob: gce-file-test-utf, ascii_test.txt, None> to ascii_test.txt
2022-02-18:13:19:03,752 INFO     The file format for <Blob: gce-master-data, clientData_utf8/SIEMS/SCD_personen_utf8.txt, 1643718576855495> from the bucket gce-master-data is readable
2022-02-18:13:19:33,554 ERROR    This record contains bad characters
2022-02-18:13:19:34,232 INFO     File moved from <Blob: gce-file-test-utf, ascii_test.txt, None> to ascii_test.txt
2022-02-18:13:19:34,707 INFO     The file format for <Blob: gce-master-data, clientData_utf8/SIEMS/SIEMS_OU1_assignment_rules_utf8.csv, 1643718597178075> from the bucket gce-master-data is readable
2022-02-18:13:19:34,741 ERROR    This record contains bad characters
2022-02-18:13:19:35,374 INFO     File moved from <Blob: gce-file-test-utf, ascii_test.txt, None> to ascii_test.txt
